<?xml version="1.0" encoding="UTF-8"?>
<testng-results ignored="0" total="1" passed="1" failed="0" skipped="0">
  <reporter-output>
  </reporter-output>
  <suite started-at="2022-06-09T16:34:52 IST" name="Default suite" finished-at="2022-06-09T16:35:40 IST" duration-ms="47661">
    <groups>
    </groups>
    <test started-at="2022-06-09T16:34:52 IST" name="Default test" finished-at="2022-06-09T16:35:40 IST" duration-ms="47661">
      <class name="demoDay5.TestShape">
        <test-method signature="verifyShape()[pri:0, instance:demoDay5.TestShape@ef9296d]" started-at="2022-06-09T16:34:52 IST" name="verifyShape" finished-at="2022-06-09T16:35:40 IST" duration-ms="47585" status="PASS">
          <reporter-output>
          </reporter-output>
        </test-method> <!-- verifyShape -->
      </class> <!-- demoDay5.TestShape -->
    </test> <!-- Default test -->
  </suite> <!-- Default suite -->
</testng-results>
