<?xml version="1.0" encoding="UTF-8"?>
<testng-results ignored="0" total="1" passed="1" failed="0" skipped="0">
  <reporter-output>
  </reporter-output>
  <suite started-at="2022-06-10T17:13:29 IST" name="Default suite" finished-at="2022-06-10T17:13:29 IST" duration-ms="71">
    <groups>
    </groups>
    <test started-at="2022-06-10T17:13:29 IST" name="Default test" finished-at="2022-06-10T17:13:29 IST" duration-ms="71">
      <class name="demoDay6.LinkedListExample">
        <test-method signature="verifyList()[pri:0, instance:demoDay6.LinkedListExample@2f7c2f4f]" started-at="2022-06-10T17:13:29 IST" name="verifyList" finished-at="2022-06-10T17:13:29 IST" duration-ms="14" status="PASS">
          <reporter-output>
          </reporter-output>
        </test-method> <!-- verifyList -->
      </class> <!-- demoDay6.LinkedListExample -->
    </test> <!-- Default test -->
  </suite> <!-- Default suite -->
</testng-results>
